2024-07-21 21:07:29,389 - INFO - Scraped: 2+1 FLAT FOR RENT WITH GARDEN AND SHARED POOL IN BELLAVİEW SITE IN BELLAPAİS, KYRENIA - £1,000
2024-07-21 21:07:29,390 - INFO - Scraped: Flat To Rent in Alsancak, Kyrenia - £500
2024-07-21 21:07:29,390 - INFO - Scraped: Flat To Rent in Göçmenköy, Nicosia - £300
2024-07-21 21:07:29,390 - INFO - Scraped: Flat To Rent in Yukarı Girne, Kyrenia - £850
2024-07-21 21:07:29,390 - INFO - Scraped: Penthouse To Rent in Girne Merkez, Kyrenia - £2,500
2024-07-21 21:07:29,390 - INFO - Scraped: Villa To Rent in Çatalköy, Kyrenia - £4,500
2024-07-21 21:07:29,390 - INFO - Scraped: Flat To Rent in Aşağı Girne, Kyrenia - £1,200
2024-07-21 21:07:29,390 - INFO - Scraped: Villa To Rent in Çatalköy, Kyrenia - £1,850
2024-07-21 21:07:29,391 - INFO - Scraped: Flat To Rent in Girne Merkez, Kyrenia - £1,100
2024-07-21 21:07:29,391 - INFO - Scraped: Flat To Rent in Aşağı Girne, Kyrenia - £1,200
2024-07-21 21:07:29,391 - INFO - Scraped: Flat To Rent in Girne Merkez, Kyrenia - £1,500
2024-07-21 21:07:29,391 - INFO - Scraped: 2+1 Flat For Rent in Göçmenköy - £450
2024-07-21 21:07:29,391 - INFO - Scraped: Residence To Rent in Zeytinlik, Kyrenia - £1,100
2024-07-21 21:07:29,391 - INFO - Scraped: Flat To Rent in Aşağı Girne, Kyrenia - £550
2024-07-21 21:07:29,391 - INFO - Scraped: Flat To Rent in Girne Merkez, Kyrenia - £700
2024-07-21 21:07:29,391 - INFO - Scraped: Flat To Rent in Lapta, Kyrenia - £650
2024-07-21 21:07:29,392 - INFO - Scraped: FLAT FOR RENT IN KYRENIA CENTER - ₺35,000
2024-07-21 21:07:29,392 - INFO - Scraped: 2+1 flat for rent in Famagusta center - £450
2024-07-21 21:07:29,392 - INFO - Scraped: 2+1 fully furnished, luxury duplex apartment for rent in Kyrenia center - £1,000
2024-07-21 21:07:29,392 - INFO - Scraped: 1+1 LUXURY RESIDENCE APARTMENT FOR RENT IN KYRENIA CENTER - £750
2024-07-21 21:07:29,392 - INFO - Scraped: 3+1 villa with private pool for rent in Çatalköy, Cratos hotel area - £1,850
2024-07-21 21:07:29,392 - INFO - Scraped: 3+1 FLAT FOR RENT IN KYRENIA CENTER, WITH UNCLOSED SEA VIEW AND PRIVATE POOL - £3,500
2024-07-21 21:07:29,392 - INFO - Scraped: Flat To Rent in Girne Merkez, Kyrenia - £750
2024-07-21 21:07:29,392 - INFO - Scraped: 2+1 FULLY FURNISHED APARTMENT FOR RENT IN KYRENIA CENTER, KASHGAR COURT AREA - £650
2024-07-21 21:07:29,393 - INFO - Scraped: 4+1 villa with private pool for rent in Karmi - £2,500
2024-07-21 21:07:29,393 - INFO - Scraped: Heart of Kyrenia city 2+1 Flat FOR RENT - £800
2024-07-21 21:07:29,393 - INFO - Scraped: Heart of Kyrenia 3+1 Flat for Rent - £1,375
2024-07-21 21:07:29,393 - INFO - Scraped: Flat To Rent in Long Beach, Iskele - £550
2024-07-21 21:07:29,393 - INFO - Scraped: Flat To Rent in Doğanköy, Kyrenia - £1,000
2024-07-21 21:07:29,393 - INFO - Scraped: FOUR SEASONS LIFE I 1+1 IN THE MOST BEAUTIFUL SITE OF THE BOSPHORUS - £700
2024-07-21 21:08:20,803 - INFO - Scraped: 2+1 FLAT FOR RENT WITH GARDEN AND SHARED POOL IN BELLAVİEW SITE IN BELLAPAİS, KYRENIA - £1,000
2024-07-21 21:08:20,803 - INFO - Scraped: Flat To Rent in Alsancak, Kyrenia - £500
2024-07-21 21:08:20,803 - INFO - Scraped: Flat To Rent in Göçmenköy, Nicosia - £300
2024-07-21 21:08:20,803 - INFO - Scraped: Flat To Rent in Yukarı Girne, Kyrenia - £850
2024-07-21 21:08:20,803 - INFO - Scraped: Penthouse To Rent in Girne Merkez, Kyrenia - £2,500
2024-07-21 21:08:20,803 - INFO - Scraped: Villa To Rent in Çatalköy, Kyrenia - £4,500
2024-07-21 21:08:20,803 - INFO - Scraped: Flat To Rent in Aşağı Girne, Kyrenia - £1,200
2024-07-21 21:08:20,804 - INFO - Scraped: Villa To Rent in Çatalköy, Kyrenia - £1,850
2024-07-21 21:08:20,804 - INFO - Scraped: Flat To Rent in Girne Merkez, Kyrenia - £1,100
2024-07-21 21:08:20,804 - INFO - Scraped: Flat To Rent in Aşağı Girne, Kyrenia - £1,200
2024-07-21 21:08:20,804 - INFO - Scraped: Flat To Rent in Girne Merkez, Kyrenia - £1,500
2024-07-21 21:08:20,804 - INFO - Scraped: 2+1 Flat For Rent in Göçmenköy - £450
2024-07-21 21:08:20,804 - INFO - Scraped: Residence To Rent in Zeytinlik, Kyrenia - £1,100
2024-07-21 21:08:20,804 - INFO - Scraped: Flat To Rent in Aşağı Girne, Kyrenia - £550
2024-07-21 21:08:20,804 - INFO - Scraped: Flat To Rent in Girne Merkez, Kyrenia - £700
2024-07-21 21:08:20,805 - INFO - Scraped: Flat To Rent in Lapta, Kyrenia - £650
2024-07-21 21:08:20,805 - INFO - Scraped: FLAT FOR RENT IN KYRENIA CENTER - ₺35,000
2024-07-21 21:08:20,805 - INFO - Scraped: 2+1 flat for rent in Famagusta center - £450
2024-07-21 21:08:20,805 - INFO - Scraped: 2+1 fully furnished, luxury duplex apartment for rent in Kyrenia center - £1,000
2024-07-21 21:08:20,805 - INFO - Scraped: 1+1 LUXURY RESIDENCE APARTMENT FOR RENT IN KYRENIA CENTER - £750
2024-07-21 21:08:20,805 - INFO - Scraped: 3+1 villa with private pool for rent in Çatalköy, Cratos hotel area - £1,850
2024-07-21 21:08:20,805 - INFO - Scraped: 3+1 FLAT FOR RENT IN KYRENIA CENTER, WITH UNCLOSED SEA VIEW AND PRIVATE POOL - £3,500
2024-07-21 21:08:20,806 - INFO - Scraped: Flat To Rent in Girne Merkez, Kyrenia - £750
2024-07-21 21:08:20,806 - INFO - Scraped: 2+1 FULLY FURNISHED APARTMENT FOR RENT IN KYRENIA CENTER, KASHGAR COURT AREA - £650
2024-07-21 21:08:20,806 - INFO - Scraped: 4+1 villa with private pool for rent in Karmi - £2,500
2024-07-21 21:08:20,806 - INFO - Scraped: Heart of Kyrenia city 2+1 Flat FOR RENT - £800
2024-07-21 21:08:20,806 - INFO - Scraped: Heart of Kyrenia 3+1 Flat for Rent - £1,375
2024-07-21 21:08:20,806 - INFO - Scraped: Flat To Rent in Long Beach, Iskele - £550
2024-07-21 21:08:20,806 - INFO - Scraped: Flat To Rent in Doğanköy, Kyrenia - £1,000
2024-07-21 21:08:20,806 - INFO - Scraped: FOUR SEASONS LIFE I 1+1 IN THE MOST BEAUTIFUL SITE OF THE BOSPHORUS - £700
2024-07-21 21:11:06,025 - ERROR - Error scraping https://www.101evler.com/north-cyprus/houses-to-rent?page=1: 'NoneType' object is not callable
2024-07-21 21:11:15,575 - ERROR - Error scraping https://www.101evler.com/north-cyprus/houses-to-rent?page=1: 'NoneType' object is not callable
2024-07-21 21:13:09,458 - INFO - Scraped: 2+1 FLAT FOR RENT WITH GARDEN AND SHARED POOL IN BELLAVİEW SITE IN BELLAPAİS, KYRENIA - £1,000
2024-07-21 21:13:09,458 - INFO - Scraped: Flat To Rent in Alsancak, Kyrenia - £500
2024-07-21 21:13:09,458 - INFO - Scraped: Flat To Rent in Göçmenköy, Nicosia - £300
2024-07-21 21:13:09,458 - INFO - Scraped: Flat To Rent in Yukarı Girne, Kyrenia - £850
2024-07-21 21:13:09,458 - INFO - Scraped: Penthouse To Rent in Girne Merkez, Kyrenia - £2,500
2024-07-21 21:13:09,458 - INFO - Scraped: Villa To Rent in Çatalköy, Kyrenia - £4,500
2024-07-21 21:13:09,459 - INFO - Scraped: Flat To Rent in Aşağı Girne, Kyrenia - £1,200
2024-07-21 21:13:09,459 - INFO - Scraped: Villa To Rent in Çatalköy, Kyrenia - £1,850
2024-07-21 21:13:09,459 - INFO - Scraped: Flat To Rent in Girne Merkez, Kyrenia - £1,100
2024-07-21 21:13:09,459 - INFO - Scraped: Flat To Rent in Aşağı Girne, Kyrenia - £1,200
2024-07-21 21:13:09,459 - INFO - Scraped: Flat To Rent in Girne Merkez, Kyrenia - £1,500
2024-07-21 21:13:09,459 - INFO - Scraped: 2+1 Flat For Rent in Göçmenköy - £450
2024-07-21 21:13:09,459 - INFO - Scraped: Residence To Rent in Zeytinlik, Kyrenia - £1,100
2024-07-21 21:13:09,460 - INFO - Scraped: FULLY FURNISHED 1+1 LOFT FLAT FOR RENT IN ESENTEPE BAHÇELİ AREA - £550
2024-07-21 21:13:09,460 - INFO - Scraped: Fully furnished 1+1 flat for rent in Ozanköy area, within walking distance of Final University and Doğa College - £500
2024-07-21 21:13:09,460 - INFO - Scraped: Flat To Rent in Aşağı Girne, Kyrenia - £550
2024-07-21 21:13:09,460 - INFO - Scraped: Flat To Rent in Girne Merkez, Kyrenia - £700
2024-07-21 21:13:09,460 - INFO - Scraped: Flat To Rent in Lapta, Kyrenia - £650
2024-07-21 21:13:09,460 - INFO - Scraped: FLAT FOR RENT IN KYRENIA CENTER - ₺35,000
2024-07-21 21:13:09,460 - INFO - Scraped: 2+1 flat for rent in Famagusta center - £450
2024-07-21 21:13:09,461 - INFO - Scraped: 2+1 fully furnished, luxury duplex apartment for rent in Kyrenia center - £1,000
2024-07-21 21:13:09,461 - INFO - Scraped: 1+1 LUXURY RESIDENCE APARTMENT FOR RENT IN KYRENIA CENTER - £750
2024-07-21 21:13:09,461 - INFO - Scraped: 3+1 villa with private pool for rent in Çatalköy, Cratos hotel area - £1,850
2024-07-21 21:13:09,461 - INFO - Scraped: 3+1 FLAT FOR RENT IN KYRENIA CENTER, WITH UNCLOSED SEA VIEW AND PRIVATE POOL - £3,500
2024-07-21 21:13:09,461 - INFO - Scraped: Flat To Rent in Girne Merkez, Kyrenia - £750
2024-07-21 21:13:09,461 - INFO - Scraped: 2+1 FULLY FURNISHED APARTMENT FOR RENT IN KYRENIA CENTER, KASHGAR COURT AREA - £650
2024-07-21 21:13:09,462 - INFO - Scraped: 4+1 villa with private pool for rent in Karmi - £2,500
2024-07-21 21:13:09,462 - INFO - Scraped: Heart of Kyrenia city 2+1 Flat FOR RENT - £800
2024-07-21 21:13:09,462 - INFO - Scraped: Heart of Kyrenia 3+1 Flat for Rent - £1,375
2024-07-21 21:13:09,462 - INFO - Scraped: Flat To Rent in Long Beach, Iskele - £550
2024-07-21 21:20:32,309 - INFO - Scraped: 2+1 FLAT FOR RENT WITH GARDEN AND SHARED POOL IN BELLAVİEW SITE IN BELLAPAİS, KYRENIA - £1,000
2024-07-21 21:20:32,309 - INFO - Scraped: Flat To Rent in Alsancak, Kyrenia - £500
2024-07-21 21:20:32,309 - INFO - Scraped: Flat To Rent in Göçmenköy, Nicosia - £300
2024-07-21 21:20:32,309 - INFO - Scraped: Flat To Rent in Yukarı Girne, Kyrenia - £850
2024-07-21 21:20:32,310 - INFO - Scraped: Penthouse To Rent in Girne Merkez, Kyrenia - £2,500
2024-07-21 21:20:32,310 - INFO - Scraped: Villa To Rent in Çatalköy, Kyrenia - £4,500
2024-07-21 21:20:32,310 - INFO - Scraped: Flat To Rent in Aşağı Girne, Kyrenia - £1,200
2024-07-21 21:20:32,310 - INFO - Scraped: Villa To Rent in Çatalköy, Kyrenia - £1,850
2024-07-21 21:20:32,310 - INFO - Scraped: Flat To Rent in Girne Merkez, Kyrenia - £1,100
2024-07-21 21:20:32,311 - INFO - Scraped: Flat To Rent in Aşağı Girne, Kyrenia - £1,200
2024-07-21 21:20:32,311 - INFO - Scraped: Flat To Rent in Girne Merkez, Kyrenia - £1,500
2024-07-21 21:20:32,311 - INFO - Scraped: 2+1 Flat For Rent in Göçmenköy - £450
2024-07-21 21:20:32,311 - INFO - Scraped: Residence To Rent in Zeytinlik, Kyrenia - £1,100
2024-07-21 21:20:32,311 - INFO - Scraped: FULLY FURNISHED 1+1 LOFT FLAT FOR RENT IN ESENTEPE BAHÇELİ AREA - £550
2024-07-21 21:20:32,312 - INFO - Scraped: Fully furnished 1+1 flat for rent in Ozanköy area, within walking distance of Final University and Doğa College - £500
2024-07-21 21:20:32,312 - INFO - Scraped: Flat To Rent in Aşağı Girne, Kyrenia - £550
2024-07-21 21:20:32,312 - INFO - Scraped: Flat To Rent in Girne Merkez, Kyrenia - £700
2024-07-21 21:20:32,312 - INFO - Scraped: Flat To Rent in Lapta, Kyrenia - £650
2024-07-21 21:20:32,312 - INFO - Scraped: FLAT FOR RENT IN KYRENIA CENTER - ₺35,000
2024-07-21 21:20:32,313 - INFO - Scraped: 2+1 flat for rent in Famagusta center - £450
2024-07-21 21:20:32,313 - INFO - Scraped: 2+1 fully furnished, luxury duplex apartment for rent in Kyrenia center - £1,000
2024-07-21 21:20:32,313 - INFO - Scraped: 1+1 LUXURY RESIDENCE APARTMENT FOR RENT IN KYRENIA CENTER - £750
2024-07-21 21:20:32,313 - INFO - Scraped: 3+1 villa with private pool for rent in Çatalköy, Cratos hotel area - £1,850
2024-07-21 21:20:32,313 - INFO - Scraped: 3+1 FLAT FOR RENT IN KYRENIA CENTER, WITH UNCLOSED SEA VIEW AND PRIVATE POOL - £3,500
2024-07-21 21:20:32,314 - INFO - Scraped: Flat To Rent in Girne Merkez, Kyrenia - £750
2024-07-21 21:20:32,314 - INFO - Scraped: 2+1 FULLY FURNISHED APARTMENT FOR RENT IN KYRENIA CENTER, KASHGAR COURT AREA - £650
2024-07-21 21:20:32,314 - INFO - Scraped: 4+1 villa with private pool for rent in Karmi - £2,500
2024-07-21 21:20:32,315 - INFO - Scraped: Heart of Kyrenia city 2+1 Flat FOR RENT - £800
2024-07-21 21:20:32,315 - INFO - Scraped: Heart of Kyrenia 3+1 Flat for Rent - £1,375
2024-07-21 21:20:32,315 - INFO - Scraped: Flat To Rent in Long Beach, Iskele - £550
2024-07-21 21:24:05,806 - INFO - Scraped: 2+1 FLAT FOR RENT WITH GARDEN AND SHARED POOL IN BELLAVİEW SITE IN BELLAPAİS, KYRENIA - £1,000 - Bellapais
/
Kyrenia

105m²
2+1
2024-07-21 21:24:05,807 - INFO - Scraped: Flat To Rent in Alsancak, Kyrenia - £500 - Alsancak
/
Kyrenia

65m²
1+1
2024-07-21 21:24:05,807 - INFO - Scraped: Flat To Rent in Göçmenköy, Nicosia - £300 - Göçmenköy
/
Nicosia

70m²
1+1
2024-07-21 21:24:05,807 - INFO - Scraped: Flat To Rent in Yukarı Girne, Kyrenia - £850 - Yukarı Girne
/
Kyrenia

75m²
2+1
2024-07-21 21:24:05,807 - INFO - Scraped: Penthouse To Rent in Girne Merkez, Kyrenia - £2,500 - Girne Merkez
/
Kyrenia

135m²
3+1
2024-07-21 21:24:05,807 - INFO - Scraped: Villa To Rent in Çatalköy, Kyrenia - £4,500 - Çatalköy
/
Kyrenia

300m²
5+1
2024-07-21 21:24:05,807 - INFO - Scraped: Flat To Rent in Aşağı Girne, Kyrenia - £1,200 - Aşağı Girne
/
Kyrenia

115m²
2+1
2024-07-21 21:24:05,808 - INFO - Scraped: Villa To Rent in Çatalköy, Kyrenia - £1,850 - Çatalköy
/
Kyrenia

195m²
3+1
2024-07-21 21:24:05,808 - INFO - Scraped: Flat To Rent in Girne Merkez, Kyrenia - £1,100 - Girne Merkez
/
Kyrenia

140m²
3+1
2024-07-21 21:24:05,808 - INFO - Scraped: Flat To Rent in Aşağı Girne, Kyrenia - £1,200 - Aşağı Girne
/
Kyrenia

115m²
2+1
2024-07-21 21:24:05,808 - INFO - Scraped: Flat To Rent in Girne Merkez, Kyrenia - £1,500 - Girne Merkez
/
Kyrenia

2500m²
3+2
2024-07-21 21:24:05,808 - INFO - Scraped: 2+1 Flat For Rent in Göçmenköy - £450 - Göçmenköy
/
Nicosia

75m²
2+1
2024-07-21 21:24:05,808 - INFO - Scraped: Residence To Rent in Zeytinlik, Kyrenia - £1,100 - Zeytinlik
/
Kyrenia

185m²
3+1
2024-07-21 21:24:05,808 - INFO - Scraped: FULLY FURNISHED 1+1 LOFT FLAT FOR RENT IN ESENTEPE BAHÇELİ AREA - £550 - Bahçeli
/
Kyrenia

65m²
1+1
2024-07-21 21:24:05,809 - INFO - Scraped: Fully furnished 1+1 flat for rent in Ozanköy area, within walking distance of Final University and Doğa College - £500 - Ozanköy
/
Kyrenia

65m²
1+1
2024-07-21 21:24:05,809 - INFO - Scraped: Flat To Rent in Aşağı Girne, Kyrenia - £550 - Aşağı Girne
/
Kyrenia

85m²
2+1
2024-07-21 21:24:05,809 - INFO - Scraped: Flat To Rent in Girne Merkez, Kyrenia - £700 - Girne Merkez
/
Kyrenia

130m²
3+1
2024-07-21 21:24:05,809 - INFO - Scraped: Flat To Rent in Lapta, Kyrenia - £650 - Lapta
/
Kyrenia

75m²
2+1
2024-07-21 21:24:05,809 - INFO - Scraped: FLAT FOR RENT IN KYRENIA CENTER - ₺35,000 - Girne Merkez
/
Kyrenia

130m²
3+1
2024-07-21 21:24:05,809 - INFO - Scraped: 2+1 flat for rent in Famagusta center - £450 - Dumlupınar
/
Famagusta

2+1
2024-07-21 21:24:05,810 - INFO - Scraped: 2+1 fully furnished, luxury duplex apartment for rent in Kyrenia center - £1,000 - Girne Merkez
/
Kyrenia

90m²
2+1
2024-07-21 21:24:05,810 - INFO - Scraped: 1+1 LUXURY RESIDENCE APARTMENT FOR RENT IN KYRENIA CENTER - £750 - Girne Merkez
/
Kyrenia

1+1
2024-07-21 21:24:05,810 - INFO - Scraped: 3+1 villa with private pool for rent in Çatalköy, Cratos hotel area - £1,850 - Çatalköy
/
Kyrenia

220m²
3+1
2024-07-21 21:24:05,810 - INFO - Scraped: 3+1 FLAT FOR RENT IN KYRENIA CENTER, WITH UNCLOSED SEA VIEW AND PRIVATE POOL - £3,500 - Girne Merkez
/
Kyrenia

145m²
3+1
2024-07-21 21:24:05,810 - INFO - Scraped: Flat To Rent in Girne Merkez, Kyrenia - £750 - Girne Merkez
/
Kyrenia

80m²
2+1
2024-07-21 21:24:05,810 - INFO - Scraped: 2+1 FULLY FURNISHED APARTMENT FOR RENT IN KYRENIA CENTER, KASHGAR COURT AREA - £650 - Girne Merkez
/
Kyrenia

85m²
2+1
2024-07-21 21:24:05,810 - INFO - Scraped: 4+1 villa with private pool for rent in Karmi - £2,500 - Karmi
/
Kyrenia

200m²
4+1
2024-07-21 21:24:05,811 - INFO - Scraped: Heart of Kyrenia city 2+1 Flat FOR RENT - £800 - Girne Merkez
/
Kyrenia

95m²
2+1
2024-07-21 21:24:05,811 - INFO - Scraped: Heart of Kyrenia 3+1 Flat for Rent - £1,375 - Girne Merkez
/
Kyrenia

120m²
3+1
2024-07-21 21:24:05,811 - INFO - Scraped: Flat To Rent in Long Beach, Iskele - £550 - Long Beach
/
Iskele

56m²
1+1
2024-07-21 21:56:55,801 - INFO - Scraped: 2+1 FLAT FOR RENT WITH GARDEN AND SHARED POOL IN BELLAVİEW SITE IN BELLAPAİS, KYRENIA - £1,000 - Bellapais / Kyrenia - 105m² - 2+1
2024-07-21 21:56:55,802 - INFO - Scraped: Flat To Rent in Alsancak, Kyrenia - £500 - Alsancak / Kyrenia - 65m² - 1+1
2024-07-21 21:56:55,802 - INFO - Scraped: Flat To Rent in Göçmenköy, Nicosia - £300 - Göçmenköy / Nicosia - 70m² - 1+1
2024-07-21 21:56:55,802 - INFO - Scraped: Flat To Rent in Yukarı Girne, Kyrenia - £850 - Yukarı Girne / Kyrenia - 75m² - 2+1
2024-07-21 21:56:55,802 - INFO - Scraped: Penthouse To Rent in Girne Merkez, Kyrenia - £2,500 - Girne Merkez / Kyrenia - 135m² - 3+1
2024-07-21 21:56:55,802 - INFO - Scraped: Villa To Rent in Çatalköy, Kyrenia - £4,500 - Çatalköy / Kyrenia - 300m² - 5+1
2024-07-21 21:56:55,802 - INFO - Scraped: Flat To Rent in Aşağı Girne, Kyrenia - £1,200 - Aşağı Girne / Kyrenia - 115m² - 2+1
2024-07-21 21:56:55,803 - INFO - Scraped: Villa To Rent in Çatalköy, Kyrenia - £1,850 - Çatalköy / Kyrenia - 195m² - 3+1
2024-07-21 21:56:55,803 - INFO - Scraped: Flat To Rent in Girne Merkez, Kyrenia - £1,100 - Girne Merkez / Kyrenia - 140m² - 3+1
2024-07-21 21:56:55,803 - INFO - Scraped: Flat To Rent in Aşağı Girne, Kyrenia - £1,200 - Aşağı Girne / Kyrenia - 115m² - 2+1
2024-07-21 21:56:55,803 - INFO - Scraped: Flat To Rent in Girne Merkez, Kyrenia - £1,500 - Girne Merkez / Kyrenia - 2500m² - 3+2
2024-07-21 21:56:55,803 - INFO - Scraped: 2+1 Flat For Rent in Göçmenköy - £450 - Göçmenköy / Nicosia - 75m² - 2+1
2024-07-21 21:56:55,803 - INFO - Scraped: Residence To Rent in Zeytinlik, Kyrenia - £1,100 - Zeytinlik / Kyrenia - 185m² - 3+1
2024-07-21 21:56:55,803 - INFO - Scraped: FULLY FURNISHED 1+1 LOFT FLAT FOR RENT IN ESENTEPE BAHÇELİ AREA - £550 - Bahçeli / Kyrenia - 65m² - 1+1
2024-07-21 21:56:55,804 - INFO - Scraped: Fully furnished 1+1 flat for rent in Ozanköy area, within walking distance of Final University and Doğa College - £500 - Ozanköy / Kyrenia - 65m² - 1+1
2024-07-21 21:56:55,804 - INFO - Scraped: Flat To Rent in Aşağı Girne, Kyrenia - £550 - Aşağı Girne / Kyrenia - 85m² - 2+1
2024-07-21 21:56:55,804 - INFO - Scraped: Flat To Rent in Girne Merkez, Kyrenia - £700 - Girne Merkez / Kyrenia - 130m² - 3+1
2024-07-21 21:56:55,804 - INFO - Scraped: Flat To Rent in Lapta, Kyrenia - £650 - Lapta / Kyrenia - 75m² - 2+1
2024-07-21 21:56:55,804 - INFO - Scraped: FLAT FOR RENT IN KYRENIA CENTER - ₺35,000 - Girne Merkez / Kyrenia - 130m² - 3+1
2024-07-21 21:56:55,804 - INFO - Scraped: 2+1 flat for rent in Famagusta center - £450 - Dumlupınar / Famagusta -  - 2+1
2024-07-21 21:56:55,804 - INFO - Scraped: 2+1 fully furnished, luxury duplex apartment for rent in Kyrenia center - £1,000 - Girne Merkez / Kyrenia - 90m² - 2+1
2024-07-21 21:56:55,805 - INFO - Scraped: 1+1 LUXURY RESIDENCE APARTMENT FOR RENT IN KYRENIA CENTER - £750 - Girne Merkez / Kyrenia -  - 1+1
2024-07-21 21:56:55,805 - INFO - Scraped: 3+1 villa with private pool for rent in Çatalköy, Cratos hotel area - £1,850 - Çatalköy / Kyrenia - 220m² - 3+1
2024-07-21 21:56:55,805 - INFO - Scraped: 3+1 FLAT FOR RENT IN KYRENIA CENTER, WITH UNCLOSED SEA VIEW AND PRIVATE POOL - £3,500 - Girne Merkez / Kyrenia - 145m² - 3+1
2024-07-21 21:56:55,805 - INFO - Scraped: Flat To Rent in Girne Merkez, Kyrenia - £750 - Girne Merkez / Kyrenia - 80m² - 2+1
2024-07-21 21:56:55,805 - INFO - Scraped: 2+1 FULLY FURNISHED APARTMENT FOR RENT IN KYRENIA CENTER, KASHGAR COURT AREA - £650 - Girne Merkez / Kyrenia - 85m² - 2+1
2024-07-21 21:56:55,805 - INFO - Scraped: 4+1 villa with private pool for rent in Karmi - £2,500 - Karmi / Kyrenia - 200m² - 4+1
2024-07-21 21:56:55,805 - INFO - Scraped: Heart of Kyrenia city 2+1 Flat FOR RENT - £800 - Girne Merkez / Kyrenia - 95m² - 2+1
2024-07-21 21:56:55,806 - INFO - Scraped: Heart of Kyrenia 3+1 Flat for Rent - £1,375 - Girne Merkez / Kyrenia - 120m² - 3+1
2024-07-21 21:56:55,806 - INFO - Scraped: Flat To Rent in Long Beach, Iskele - £550 - Long Beach / Iskele - 56m² - 1+1
2024-07-22 05:25:32,772 - INFO - Scraped: 2+1 FLAT FOR RENT WITH GARDEN AND SHARED POOL IN BELLAVİEW SITE IN BELLAPAİS, KYRENIA - £1,000 - Bellapais / Kyrenia - 105m² - 2+1
2024-07-22 05:25:32,772 - INFO - Scraped: Flat To Rent in Alsancak, Kyrenia - £500 - Alsancak / Kyrenia - 65m² - 1+1
2024-07-22 05:25:32,772 - INFO - Scraped: Flat To Rent in Göçmenköy, Nicosia - £300 - Göçmenköy / Nicosia - 70m² - 1+1
2024-07-22 05:25:32,772 - INFO - Scraped: Flat To Rent in Yukarı Girne, Kyrenia - £850 - Yukarı Girne / Kyrenia - 75m² - 2+1
2024-07-22 05:25:32,772 - INFO - Scraped: Penthouse To Rent in Girne Merkez, Kyrenia - £2,500 - Girne Merkez / Kyrenia - 135m² - 3+1
2024-07-22 05:25:32,772 - INFO - Scraped: Villa To Rent in Çatalköy, Kyrenia - £4,500 - Çatalköy / Kyrenia - 300m² - 5+1
2024-07-22 05:25:32,773 - INFO - Scraped: Flat To Rent in Aşağı Girne, Kyrenia - £1,200 - Aşağı Girne / Kyrenia - 115m² - 2+1
2024-07-22 05:25:32,773 - INFO - Scraped: Villa To Rent in Çatalköy, Kyrenia - £1,850 - Çatalköy / Kyrenia - 195m² - 3+1
2024-07-22 05:25:32,773 - INFO - Scraped: Flat To Rent in Girne Merkez, Kyrenia - £1,100 - Girne Merkez / Kyrenia - 140m² - 3+1
2024-07-22 05:25:32,773 - INFO - Scraped: Flat To Rent in Aşağı Girne, Kyrenia - £1,200 - Aşağı Girne / Kyrenia - 115m² - 2+1
2024-07-22 05:25:32,773 - INFO - Scraped: Flat To Rent in Girne Merkez, Kyrenia - £1,500 - Girne Merkez / Kyrenia - 2500m² - 3+2
2024-07-22 05:25:32,773 - INFO - Scraped: 2+1 Flat For Rent in Göçmenköy - £450 - Göçmenköy / Nicosia - 75m² - 2+1
2024-07-22 05:25:32,773 - INFO - Scraped: Residence To Rent in Zeytinlik, Kyrenia - £1,100 - Zeytinlik / Kyrenia - 185m² - 3+1
2024-07-22 05:25:32,773 - INFO - Scraped: LUX 2+1 WITH SPACIOUS TERRACE CLOSE TO SUSHICO - £800 - Girne Merkez / Kyrenia - 85m² - 2+1
2024-07-22 05:25:32,774 - INFO - Scraped: Lux 3+1 Flat To Let in Akacan Elegance Comfort Block With Sea View - £1,100 - Girne Merkez / Kyrenia - 150m² - 3+1
2024-07-22 05:25:32,774 - INFO - Scraped: **From Owner 1+1 and Studio Apartments in Lefkoşa (Perfect Location Opposite Bus Stop and Supermarket) - £385 - Küçük Kaymaklı / Nicosia - 45m² - 1+1
2024-07-22 05:25:32,774 - INFO - Scraped: 2+1 FLAT FOR RENT IN THE CENTER OF KYRENIA - £700 - Girne Merkez / Kyrenia - 90m² - 2+1
2024-07-22 05:25:32,774 - INFO - Scraped: 2+1 flat for rent in Küçük Kaymaklı - £500 - Küçük Kaymaklı / Nicosia - 80m² - 2+1
2024-07-22 05:25:32,774 - INFO - Scraped: 2+1 Flat for Rent - £450 - Göçmenköy / Nicosia - 85m² - 2+1
2024-07-22 05:25:32,774 - INFO - Scraped: 2+1 flat for rent in Yenikent area - £450 - Yenikent / Nicosia - 80m² - 2+1
2024-07-22 05:25:32,774 - INFO - Scraped: 2+1 flat for rent - £500 - Küçük Kaymaklı / Nicosia - 90m² - 2+1
2024-07-22 05:25:32,774 - INFO - Scraped: Studio flat for rent in Küçük Kaymaklı - £330 - Küçük Kaymaklı / Nicosia - 55m² - 1+0
2024-07-22 05:25:32,775 - INFO - Scraped: Flat To Rent in Küçük Kaymaklı, Nicosia - £500 - Küçük Kaymaklı / Nicosia - 90m² - 2+1
2024-07-22 05:25:32,775 - INFO - Scraped: Flat To Rent in Yenikent, Nicosia - £450 - Yenikent / Nicosia - 80m² - 2+1
2024-07-22 05:25:32,775 - INFO - Scraped: Newly Furnished Luxury 3+1 Penthouse in Kyrenia Center - £1,350 - Girne Merkez / Kyrenia - 120m² - 3+1
2024-07-22 05:25:32,775 - INFO - Scraped: Flat To Rent in Kumsal, Nicosia - £600 - Kumsal / Nicosia - 80m² - 2+1
2024-07-22 05:25:32,775 - INFO - Scraped: Residence To Rent in Girne Merkez, Kyrenia - £650 - Girne Merkez / Kyrenia - 75m² - 2+1
2024-07-22 05:25:32,775 - INFO - Scraped: Flat To Rent in Küçük Kaymaklı, Nicosia - £500 - Küçük Kaymaklı / Nicosia - 80m² - 3+1
2024-07-22 05:25:32,775 - INFO - Scraped: Flat To Rent in Gönyeli, Nicosia - £400 - Gönyeli / Nicosia - 80m² - 2+1
2024-07-22 05:25:32,775 - INFO - Scraped: Flat To Rent in Girne Merkez, Kyrenia - £600 - Girne Merkez / Kyrenia - 80m² - 2+1
2024-07-22 05:27:32,515 - INFO - No new listings found.
2024-07-22 05:33:24,396 - INFO - Scraped: 2+1 FLAT FOR RENT WITH GARDEN AND SHARED POOL IN BELLAVİEW SITE IN BELLAPAİS, KYRENIA - £1,000 - Bellapais / Kyrenia - 105m² - 2+1
2024-07-22 05:33:24,396 - INFO - Scraped: Flat To Rent in Alsancak, Kyrenia - £500 - Alsancak / Kyrenia - 65m² - 1+1
2024-07-22 05:33:24,397 - INFO - Scraped: Flat To Rent in Göçmenköy, Nicosia - £300 - Göçmenköy / Nicosia - 70m² - 1+1
2024-07-22 05:33:24,397 - INFO - Scraped: Flat To Rent in Yukarı Girne, Kyrenia - £850 - Yukarı Girne / Kyrenia - 75m² - 2+1
2024-07-22 05:33:24,397 - INFO - Scraped: Penthouse To Rent in Girne Merkez, Kyrenia - £2,500 - Girne Merkez / Kyrenia - 135m² - 3+1
2024-07-22 05:33:24,397 - INFO - Scraped: Villa To Rent in Çatalköy, Kyrenia - £4,500 - Çatalköy / Kyrenia - 300m² - 5+1
2024-07-22 05:33:24,397 - INFO - Scraped: Flat To Rent in Aşağı Girne, Kyrenia - £1,200 - Aşağı Girne / Kyrenia - 115m² - 2+1
2024-07-22 05:33:24,397 - INFO - Scraped: Villa To Rent in Çatalköy, Kyrenia - £1,850 - Çatalköy / Kyrenia - 195m² - 3+1
2024-07-22 05:33:24,397 - INFO - Scraped: Flat To Rent in Girne Merkez, Kyrenia - £1,100 - Girne Merkez / Kyrenia - 140m² - 3+1
2024-07-22 05:33:24,397 - INFO - Scraped: Flat To Rent in Aşağı Girne, Kyrenia - £1,200 - Aşağı Girne / Kyrenia - 115m² - 2+1
2024-07-22 05:33:24,398 - INFO - Scraped: Flat To Rent in Girne Merkez, Kyrenia - £1,500 - Girne Merkez / Kyrenia - 2500m² - 3+2
2024-07-22 05:33:24,398 - INFO - Scraped: 2+1 Flat For Rent in Göçmenköy - £450 - Göçmenköy / Nicosia - 75m² - 2+1
2024-07-22 05:33:24,398 - INFO - Scraped: Residence To Rent in Zeytinlik, Kyrenia - £1,100 - Zeytinlik / Kyrenia - 185m² - 3+1
2024-07-22 05:33:24,398 - INFO - Scraped: KAYMAKLI 3+1 FLAT FOR RENT!! AVAILABLE AT THE END OF FEBRUARY!! - £600 - Küçük Kaymaklı / Nicosia - 120m² - 3+1
2024-07-22 05:33:24,398 - INFO - Scraped: DEREBOYU 2+1 FLAT FOR RENT!! - £500 - Köşklüçiftlik / Nicosia - 85m² - 2+1
2024-07-22 05:33:24,398 - INFO - Scraped: YENISEHIR 1+1 FLAT FOR RENT!! - £350 - Yenişehir / Nicosia - 85m² - 1+1
2024-07-22 05:33:24,398 - INFO - Scraped: ORTAKÖY 3+1 DETACHED VILLA !! - £800 - Ortaköy / Nicosia - 165m² - 3+1
2024-07-22 05:33:24,398 - INFO - Scraped: ORTAKÖY 3+1 APARTMENT FOR RENT!! - £600 - Ortaköy / Nicosia - 120m² - 3+1
2024-07-22 05:33:24,398 - INFO - Scraped: ORTAKÖY 2+1 FLAT FOR RENT! FOR STUDENT ONLY! AVAILABLE JULY 1 AND SEPTEMBER 1 - £350 - Ortaköy / Nicosia -  - 2+1
2024-07-22 05:33:24,399 - INFO - Scraped: ORTAKÖY 2+1 FLAT FOR RENT!! - £450 - Ortaköy / Nicosia - 90m² - 2+1
2024-07-22 05:33:24,399 - INFO - Scraped: ORTAKÖY 3+1 FLAT FOR RENT!! - £550 - Ortaköy / Nicosia - 120m² - 3+1
2024-07-22 05:33:24,399 - INFO - Scraped: ORTAKÖY 3+1 APARTMENT FOR RENT!! - £650 - Ortaköy / Nicosia - 120m² - 3+1
2024-07-22 05:33:24,399 - INFO - Scraped: KAYMAKLI 3+1 FLAT FOR RENT!! AVAILABLE JULY 10!! - ₺18,000 - Küçük Kaymaklı / Nicosia - 120m² - 3+1
2024-07-22 05:33:24,399 - INFO - Scraped: Flat To Rent in Göçmenköy, Nicosia - £280 - Göçmenköy / Nicosia - 50m² - 1+0
2024-07-22 05:33:24,399 - INFO - Scraped: Flat To Rent in Göçmenköy, Nicosia - £475 - Göçmenköy / Nicosia - 85m² - 2+1
2024-07-22 05:33:24,399 - INFO - Scraped: Flat To Rent in Marmara, Nicosia - £400 - Marmara / Nicosia - 85m² - 2+1
2024-07-22 05:33:24,399 - INFO - Scraped: Flat To Rent in Yenikent, Nicosia - £450 - Yenikent / Nicosia - 85m² - 2+1
2024-07-22 05:33:24,400 - INFO - Scraped: Flat To Rent in Ortaköy, Nicosia - £450 - Ortaköy / Nicosia - 85m² - 2+1
2024-07-22 05:33:24,400 - INFO - Scraped: Flat To Rent in Gönyeli, Nicosia - £450 - Gönyeli / Nicosia - 90m² - 2+1
2024-07-22 05:33:24,400 - INFO - Scraped: Flat To Rent in Yenikent, Nicosia - £400 - Yenikent / Nicosia - 85m² - 2+1
2024-07-22 05:33:24,401 - INFO - Added 30 new listings. Total unique listings: 29
2024-07-22 05:33:28,467 - INFO - No new listings found.
